<?xml version="1.0" encoding="UTF-8"?>
<testsuite xmlns:xsi="http://www.w3.org/2001/XMLSchema-instance" xsi:noNamespaceSchemaLocation="https://maven.apache.org/surefire/maven-surefire-plugin/xsd/surefire-test-report.xsd" name="br.com.restassuredapitesting.runners.AllTests" time="44.257" tests="19" errors="0" skipped="0" failures="2">
  <properties>
[...]
</properties>
  <testcase name="validaApiOnline" classname="br.com.restassuredapitesting.tests.ping.tests.GetPingTest" time="2.582"/>
  <testcase name="validaidPelaDataDeChekinDaReserva" classname="br.com.restassuredapitesting.tests.booking.tests.GetBookingTest" time="3.515"/>
  <testcase name="validarstatuscode500PorfiltroMalFormatado" classname="br.com.restassuredapitesting.tests.booking.tests.GetBookingTest" time="0.883"/>
  <testcase name="validaListagemDeIdsDasReservas" classname="br.com.restassuredapitesting.tests.booking.tests.GetBookingTest" time="0.884"/>
  <testcase name="validaSchemaDaListagemDeReservaEspecifica" classname="br.com.restassuredapitesting.tests.booking.tests.GetBookingTest" time="3.244"/>
  <testcase name="validarUmaReservaEspeciifica" classname="br.com.restassuredapitesting.tests.booking.tests.GetBookingTest" time="2.796"/>
  <testcase name="validaidPelaDataDeCheckot_CheckoutDaReserva" classname="br.com.restassuredapitesting.tests.booking.tests.GetBookingTest" time="2.797"/>
  <testcase name="validaIdPeloUltimoNomeDaReserva" classname="br.com.restassuredapitesting.tests.booking.tests.GetBookingTest" time="3.033"/>
  <testcase name="validaIdPeloPrimeiroNomeDaReserva" classname="br.com.restassuredapitesting.tests.booking.tests.GetBookingTest" time="2.769"/>
  <testcase name="validaidPelaDataDeChekoutDaReserva" classname="br.com.restassuredapitesting.tests.booking.tests.GetBookingTest" time="2.895"/>
  <testcase name="validaSchemaDaListagemDeReservas" classname="br.com.restassuredapitesting.tests.booking.tests.GetBookingTest" time="0.922"/>
  <testcase name="validaidPeloPrimeiroNome_DataDeCheckin_CheckoutDaReserva" classname="br.com.restassuredapitesting.tests.booking.tests.GetBookingTest" time="4.487">
    <failure message="1 expectation failed.&#10;JSON path size() doesn&apos;t match.&#10;Expected: a value greater than &lt;0&gt;&#10;  Actual: 0&#10;" type="java.lang.AssertionError"><![CDATA[java.lang.AssertionError: 
1 expectation failed.
JSON path size() doesn't match.
Expected: a value greater than <0>
  Actual: 0

	at br.com.restassuredapitesting.tests.booking.tests.GetBookingTest.validaidPeloPrimeiroNome_DataDeCheckin_CheckoutDaReserva(GetBookingTest.java:188)
]]></failure>
    <system-out><![CDATA[Request method:	POST
Request URI:	https://treinamento-api.herokuapp.com/booking
Proxy:			<none>
Request params:	<none>
Query params:	<none>
Form params:	<none>
Path params:	<none>
Headers:		Accept=application/json
				Content-Type=application/json; charset=UTF-8
Cookies:		<none>
Multiparts:		<none>
Body:
{
    "firstname": "Tyson",
    "additionalneeds": "Breakfast",
    "bookingdates": {
        "checkin": "2020-05-21",
        "checkout": "2021-05-21"
    },
    "totalprice": 111,
    "depositpaid": true,
    "lastname": "Brock Lee"
}
Request method:	GET
Request URI:	https://treinamento-api.herokuapp.com/booking?firstname=Tyson&checkin=2020-05-21&checkout=2021-05-21
Proxy:			<none>
Request params:	<none>
Query params:	firstname=Tyson
				checkin=2020-05-21
				checkout=2021-05-21
Form params:	<none>
Path params:	<none>
Headers:		Accept=*/*
				Content-Type=application/json; charset=UTF-8
Cookies:		<none>
Multiparts:		<none>
Body:			<none>
HTTP/1.1 200 OK
Server: Cowboy
Connection: keep-alive
X-Powered-By: Express
Content-Type: application/json; charset=utf-8
Content-Length: 2
Etag: W/"2-l9Fw4VUO7kr8CvBlt4zaMCqXZ0w"
Date: Wed, 27 Oct 2021 00:39:34 GMT
Via: 1.1 vegur

[
    
]
]]></system-out>
  </testcase>
  <testcase name="validaReturnoDeTokenParaUsuario" classname="br.com.restassuredapitesting.tests.auth.tests.PostAuthTest" time="0.892"/>
  <testcase name="validarAlteracaoDeUmaReservaUtilizandoToken" classname="br.com.restassuredapitesting.tests.booking.tests.PutBookingTest" time="2.943"/>
  <testcase name="validarAlteracaoDeUmaReservaUtilizandoBasicAuthorization" classname="br.com.restassuredapitesting.tests.booking.tests.PutBookingTest" time="1.764"/>
  <testcase name="tentarExcluirUmaReservaQueNaoExisteComToken" classname="br.com.restassuredapitesting.tests.booking.tests.DeleteBookingTest" time="1.788">
    <failure message="1 expectation failed.&#10;Expected status code &lt;404&gt; but was &lt;405&gt;.&#10;" type="java.lang.AssertionError"><![CDATA[java.lang.AssertionError: 
1 expectation failed.
Expected status code <404> but was <405>.

	at br.com.restassuredapitesting.tests.booking.tests.DeleteBookingTest.tentarExcluirUmaReservaQueNaoExisteComToken(DeleteBookingTest.java:48)
]]></failure>
    <system-out><![CDATA[Request method:	DELETE
Request URI:	https://treinamento-api.herokuapp.com/booking/1000
Proxy:			<none>
Request params:	<none>
Query params:	<none>
Form params:	<none>
Path params:	<none>
Headers:		Accept=application/json
				Cookie=token=744c8fa9563148d
				Content-Type=application/json; charset=UTF-8
Cookies:		<none>
Multiparts:		<none>
Body:			<none>
]]></system-out>
  </testcase>
  <testcase name="excluirUmaReservaComToken" classname="br.com.restassuredapitesting.tests.booking.tests.DeleteBookingTest" time="2.661"/>
  <testcase name="tentarExcluirUmaReservaSemToken" classname="br.com.restassuredapitesting.tests.booking.tests.DeleteBookingTest" time="1.739"/>
  <testcase name="criarUmaReservaNova" classname="br.com.restassuredapitesting.tests.booking.tests.PostBookingTest" time="0.889"/>
</testsuite>